Arguments: 
  /home/teddy/.nvm/versions/node/v20.11.0/bin/node /home/teddy/.yarn/bin/yarn.js

PATH: 
  /home/teddy/.yarn/bin:/home/teddy/.config/yarn/global/node_modules/.bin:/home/teddy/.nvm/versions/node/v20.11.0/bin:/home/teddy/.yarn/bin:/home/teddy/.config/yarn/global/node_modules/.bin:/usr/local/sbin:/usr/local/bin:/usr/sbin:/usr/bin:/sbin:/bin:/usr/games:/usr/local/games:/snap/bin:/opt/lampp/bin:/snap/bin

Yarn version: 
  1.22.19

Node version: 
  20.11.0

Platform: 
  linux x64

Trace: 
  AggregateError
      at internalConnectMultiple (node:net:1114:18)
      at internalConnectMultiple (node:net:1177:5)
      at Timeout.internalConnectMultipleTimeout (node:net:1687:3)
      at listOnTimeout (node:internal/timers:575:11)
      at process.processTimers (node:internal/timers:514:7)

npm manifest: 
  {
    "name": "portefolio",
    "version": "0.2.0",
    "private": true,
    "scripts": {
      "dev": "next dev",
      "build": "next build",
      "start": "next start",
      "lint": "next lint"
    },
    "dependencies": {
      "@next/font": "13.1.1",
      "@octokit/rest": "^19.0.5",
      "@tailwindcss/forms": "^0.5.7",
      "@tailwindcss/typography": "^0.5.10",
      "@types/node": "18.11.17",
      "@types/react": "18.0.26",
      "@types/react-dom": "18.0.10",
      "@types/react-scroll": "^1.8.7",
      "axios": "^1.2.1",
      "eslint": "8.30.0",
      "eslint-config-next": "13.1.1",
      "next": "13.1.1",
      "react": "18.2.0",
      "react-dom": "18.2.0",
      "react-icons": "^4.7.1",
      "react-scroll": "^1.8.9",
      "react-scroll-up": "^1.4.0",
      "sharp": "^0.32.5",
      "swiper": "^8.4.5",
      "typescript": "4.9.4"
    },
    "devDependencies": {
      "autoprefixer": "^10.4.15",
      "postcss": "^8.4.29",
      "tailwindcss": "^3.3.3"
    }
  }

yarn manifest: 
  No manifest

Lockfile: 
  No lockfile
